
  .   ____          _            __ _ _
 /\\ / ___'_ __ _ _(_)_ __  __ _ \ \ \ \
( ( )\___ | '_ | '_| | '_ \/ _` | \ \ \ \
 \\/  ___)| |_)| | | | | || (_| |  ) ) ) )
  '  |____| .__|_| |_|_| |_\__, | / / / /
 =========|_|==============|___/=/_/_/_/
 :: Spring Boot ::                (v3.1.1)

2023-09-12T22:45:39.545+01:00  INFO 12245 --- [           main] com.pfm.sbjwt.SPSecurityJWTApp           : Starting SPSecurityJWTApp v0.0.1-SNAPSHOT using Java 18.0.2.1 with PID 12245 (/Users/matteosuez/Desktop/Github Repo/personal-finance-manager/be/java-sb/target/java-sb-0.0.1-SNAPSHOT.jar started by matteosuez in /Users/matteosuez/Desktop/Github Repo/personal-finance-manager/be/java-sb)
2023-09-12T22:45:39.546+01:00  INFO 12245 --- [           main] com.pfm.sbjwt.SPSecurityJWTApp           : No active profile set, falling back to 1 default profile: "default"
2023-09-12T22:45:39.864+01:00  INFO 12245 --- [           main] .s.d.r.c.RepositoryConfigurationDelegate : Multiple Spring Data modules found, entering strict repository configuration mode
2023-09-12T22:45:39.865+01:00  INFO 12245 --- [           main] .s.d.r.c.RepositoryConfigurationDelegate : Bootstrapping Spring Data JPA repositories in DEFAULT mode.
2023-09-12T22:45:39.910+01:00  INFO 12245 --- [           main] .s.d.r.c.RepositoryConfigurationDelegate : Finished Spring Data repository scanning in 39 ms. Found 8 JPA repository interfaces.
2023-09-12T22:45:39.915+01:00  INFO 12245 --- [           main] .s.d.r.c.RepositoryConfigurationDelegate : Multiple Spring Data modules found, entering strict repository configuration mode
2023-09-12T22:45:39.915+01:00  INFO 12245 --- [           main] .s.d.r.c.RepositoryConfigurationDelegate : Bootstrapping Spring Data LDAP repositories in DEFAULT mode.
2023-09-12T22:45:39.918+01:00  INFO 12245 --- [           main] .RepositoryConfigurationExtensionSupport : Spring Data LDAP - Could not safely identify store assignment for repository candidate interface com.pfm.sbjwt.repository.UserRepository; If you want this repository to be a LDAP repository, consider annotating your entities with one of these annotations: org.springframework.ldap.odm.annotations.Entry (preferred), or consider extending one of the following types with your repository: org.springframework.data.ldap.repository.LdapRepository
2023-09-12T22:45:39.918+01:00  INFO 12245 --- [           main] .RepositoryConfigurationExtensionSupport : Spring Data LDAP - Could not safely identify store assignment for repository candidate interface com.pfm.sbjwt.repository.WalletOriginRepository; If you want this repository to be a LDAP repository, consider annotating your entities with one of these annotations: org.springframework.ldap.odm.annotations.Entry (preferred), or consider extending one of the following types with your repository: org.springframework.data.ldap.repository.LdapRepository
2023-09-12T22:45:39.918+01:00  INFO 12245 --- [           main] .RepositoryConfigurationExtensionSupport : Spring Data LDAP - Could not safely identify store assignment for repository candidate interface com.pfm.sbjwt.repository.ExpenseRepository; If you want this repository to be a LDAP repository, consider annotating your entities with one of these annotations: org.springframework.ldap.odm.annotations.Entry (preferred), or consider extending one of the following types with your repository: org.springframework.data.ldap.repository.LdapRepository
2023-09-12T22:45:39.919+01:00  INFO 12245 --- [           main] .RepositoryConfigurationExtensionSupport : Spring Data LDAP - Could not safely identify store assignment for repository candidate interface com.pfm.sbjwt.repository.RoleRepository; If you want this repository to be a LDAP repository, consider annotating your entities with one of these annotations: org.springframework.ldap.odm.annotations.Entry (preferred), or consider extending one of the following types with your repository: org.springframework.data.ldap.repository.LdapRepository
2023-09-12T22:45:39.919+01:00  INFO 12245 --- [           main] .RepositoryConfigurationExtensionSupport : Spring Data LDAP - Could not safely identify store assignment for repository candidate interface com.pfm.sbjwt.repository.IncomeRepository; If you want this repository to be a LDAP repository, consider annotating your entities with one of these annotations: org.springframework.ldap.odm.annotations.Entry (preferred), or consider extending one of the following types with your repository: org.springframework.data.ldap.repository.LdapRepository
2023-09-12T22:45:39.919+01:00  INFO 12245 --- [           main] .RepositoryConfigurationExtensionSupport : Spring Data LDAP - Could not safely identify store assignment for repository candidate interface com.pfm.sbjwt.repository.WalletDetailsRepository; If you want this repository to be a LDAP repository, consider annotating your entities with one of these annotations: org.springframework.ldap.odm.annotations.Entry (preferred), or consider extending one of the following types with your repository: org.springframework.data.ldap.repository.LdapRepository
2023-09-12T22:45:39.919+01:00  INFO 12245 --- [           main] .RepositoryConfigurationExtensionSupport : Spring Data LDAP - Could not safely identify store assignment for repository candidate interface com.pfm.sbjwt.repository.ExchangeRateRepository; If you want this repository to be a LDAP repository, consider annotating your entities with one of these annotations: org.springframework.ldap.odm.annotations.Entry (preferred), or consider extending one of the following types with your repository: org.springframework.data.ldap.repository.LdapRepository
2023-09-12T22:45:39.919+01:00  INFO 12245 --- [           main] .RepositoryConfigurationExtensionSupport : Spring Data LDAP - Could not safely identify store assignment for repository candidate interface com.pfm.sbjwt.repository.AssetRepository; If you want this repository to be a LDAP repository, consider annotating your entities with one of these annotations: org.springframework.ldap.odm.annotations.Entry (preferred), or consider extending one of the following types with your repository: org.springframework.data.ldap.repository.LdapRepository
2023-09-12T22:45:39.919+01:00  INFO 12245 --- [           main] .s.d.r.c.RepositoryConfigurationDelegate : Finished Spring Data repository scanning in 3 ms. Found 0 LDAP repository interfaces.
2023-09-12T22:45:40.251+01:00  INFO 12245 --- [           main] o.s.b.w.embedded.tomcat.TomcatWebServer  : Tomcat initialized with port(s): 8080 (http)
2023-09-12T22:45:40.260+01:00  INFO 12245 --- [           main] o.apache.catalina.core.StandardService   : Starting service [Tomcat]
2023-09-12T22:45:40.260+01:00  INFO 12245 --- [           main] o.apache.catalina.core.StandardEngine    : Starting Servlet engine: [Apache Tomcat/10.1.10]
2023-09-12T22:45:40.304+01:00  INFO 12245 --- [           main] o.a.c.c.C.[Tomcat].[localhost].[/]       : Initializing Spring embedded WebApplicationContext
2023-09-12T22:45:40.304+01:00  INFO 12245 --- [           main] w.s.c.ServletWebServerApplicationContext : Root WebApplicationContext: initialization completed in 736 ms
2023-09-12T22:45:40.377+01:00  INFO 12245 --- [           main] o.hibernate.jpa.internal.util.LogHelper  : HHH000204: Processing PersistenceUnitInfo [name: default]
2023-09-12T22:45:40.414+01:00  INFO 12245 --- [           main] org.hibernate.Version                    : HHH000412: Hibernate ORM core version 6.2.5.Final
2023-09-12T22:45:40.416+01:00  INFO 12245 --- [           main] org.hibernate.cfg.Environment            : HHH000406: Using bytecode reflection optimizer
2023-09-12T22:45:40.491+01:00  INFO 12245 --- [           main] o.h.b.i.BytecodeProviderInitiator        : HHH000021: Bytecode provider name : bytebuddy
2023-09-12T22:45:40.593+01:00  INFO 12245 --- [           main] o.s.o.j.p.SpringPersistenceUnitInfo      : No LoadTimeWeaver setup: ignoring JPA class transformer
2023-09-12T22:45:40.603+01:00  INFO 12245 --- [           main] com.zaxxer.hikari.HikariDataSource       : HikariPool-1 - Starting...
2023-09-12T22:45:40.727+01:00  INFO 12245 --- [           main] com.zaxxer.hikari.pool.HikariPool        : HikariPool-1 - Added connection com.mysql.cj.jdbc.ConnectionImpl@778ca8ef
2023-09-12T22:45:40.732+01:00  INFO 12245 --- [           main] com.zaxxer.hikari.HikariDataSource       : HikariPool-1 - Start completed.
2023-09-12T22:45:40.920+01:00  INFO 12245 --- [           main] o.h.b.i.BytecodeProviderInitiator        : HHH000021: Bytecode provider name : bytebuddy
2023-09-12T22:45:41.361+01:00  INFO 12245 --- [           main] o.h.e.t.j.p.i.JtaPlatformInitiator       : HHH000490: Using JtaPlatform implementation: [org.hibernate.engine.transaction.jta.platform.internal.NoJtaPlatform]
2023-09-12T22:45:41.461+01:00  INFO 12245 --- [           main] j.LocalContainerEntityManagerFactoryBean : Initialized JPA EntityManagerFactory for persistence unit 'default'
2023-09-12T22:45:41.683+01:00  INFO 12245 --- [           main] o.s.d.j.r.query.QueryEnhancerFactory     : Hibernate is in classpath; If applicable, HQL parser will be used.
2023-09-12T22:45:42.030+01:00  WARN 12245 --- [           main] JpaBaseConfiguration$JpaWebConfiguration : spring.jpa.open-in-view is enabled by default. Therefore, database queries may be performed during view rendering. Explicitly configure spring.jpa.open-in-view to disable this warning
2023-09-12T22:45:42.159+01:00  INFO 12245 --- [           main] o.s.s.web.DefaultSecurityFilterChain     : Will secure any request with [org.springframework.security.web.session.DisableEncodeUrlFilter@1999149e, org.springframework.security.web.context.request.async.WebAsyncManagerIntegrationFilter@65d73bd, org.springframework.security.web.context.SecurityContextHolderFilter@4cfcac13, org.springframework.security.web.header.HeaderWriterFilter@76af51d6, org.springframework.security.web.authentication.logout.LogoutFilter@7d284f15, com.pfm.sbjwt.security.jwt.AuthTokenFilter@177c41d7, org.springframework.security.web.savedrequest.RequestCacheAwareFilter@22c8ee48, org.springframework.security.web.servletapi.SecurityContextHolderAwareRequestFilter@7845b21a, org.springframework.security.web.authentication.AnonymousAuthenticationFilter@27896d3b, org.springframework.security.web.session.SessionManagementFilter@456aa471, org.springframework.security.web.access.ExceptionTranslationFilter@7e2bc2f4, org.springframework.security.web.access.intercept.AuthorizationFilter@d62472f]
2023-09-12T22:45:42.265+01:00  INFO 12245 --- [           main] o.s.l.c.support.AbstractContextSource    : Property 'userDn' not set - anonymous context will be used for read-write operations
2023-09-12T22:45:42.301+01:00  INFO 12245 --- [           main] o.s.b.w.embedded.tomcat.TomcatWebServer  : Tomcat started on port(s): 8080 (http) with context path ''
2023-09-12T22:45:42.346+01:00  INFO 12245 --- [           main] com.pfm.sbjwt.SPSecurityJWTApp           : Started SPSecurityJWTApp in 2.946 seconds (process running for 3.302)
2023-09-12T22:47:07.792+01:00  INFO 12245 --- [ionShutdownHook] j.LocalContainerEntityManagerFactoryBean : Closing JPA EntityManagerFactory for persistence unit 'default'
2023-09-12T22:47:07.793+01:00  INFO 12245 --- [ionShutdownHook] com.zaxxer.hikari.HikariDataSource       : HikariPool-1 - Shutdown initiated...
2023-09-12T22:47:07.800+01:00  INFO 12245 --- [ionShutdownHook] com.zaxxer.hikari.HikariDataSource       : HikariPool-1 - Shutdown completed.
